TN:
SF:src\app.ts
FN:18,createApp
FN:38,(anonymous_1)
FN:42,(anonymous_2)
FNF:3
FNH:2
FNDA:2,createApp
FNDA:1,(anonymous_1)
FNDA:0,(anonymous_2)
DA:19,2
DA:21,2
DA:24,2
DA:25,2
DA:31,2
DA:33,2
DA:34,2
DA:35,2
DA:36,2
DA:38,2
DA:39,1
DA:42,2
DA:43,0
DA:44,0
DA:46,2
DA:48,2
LF:16
LH:14
BRDA:27,0,0,2
BRDA:27,0,1,2
BRF:2
BRH:2
end_of_record
TN:
SF:src\lib\gapMetrics.ts
FN:31,cuentaHuecos
FN:36,(anonymous_1)
FN:61,huecosEnUnDia
FN:73,pctReduccion
FNF:4
FNH:4
FNDA:9,cuentaHuecos
FNDA:81,(anonymous_1)
FNDA:10,huecosEnUnDia
FNDA:7,pctReduccion
DA:14,3
DA:35,9
DA:36,81
DA:39,9
DA:40,9
DA:41,19
DA:42,19
DA:43,18
DA:44,18
DA:45,18
DA:46,10
DA:47,10
DA:49,18
DA:52,9
DA:53,9
DA:54,10
DA:56,9
DA:62,10
DA:63,8
DA:64,8
DA:65,8
DA:66,8
DA:67,8
DA:77,7
DA:78,5
DA:79,4
DA:80,4
LF:27
LH:27
BRDA:33,0,0,9
BRDA:42,1,0,1
BRDA:42,1,1,18
BRDA:45,2,0,10
BRDA:45,2,1,8
BRDA:62,3,0,2
BRDA:62,3,1,8
BRDA:77,4,0,2
BRDA:77,4,1,5
BRDA:77,5,0,7
BRDA:77,5,1,6
BRDA:78,6,0,1
BRDA:78,6,1,4
BRF:13
BRH:13
end_of_record
TN:
SF:src\middleware\auth.ts
FN:19,requireAuth
FN:41,requireRole
FN:42,(anonymous_2)
FNF:3
FNH:3
FNDA:7,requireAuth
FNDA:1,requireRole
FNDA:2,(anonymous_2)
DA:20,7
DA:21,7
DA:22,2
DA:23,2
DA:26,5
DA:27,5
DA:28,1
DA:29,1
DA:32,4
DA:33,4
DA:34,4
DA:35,4
DA:37,1
DA:42,1
DA:43,2
DA:44,0
DA:45,0
DA:47,2
DA:48,1
DA:49,1
DA:51,1
LF:21
LH:19
BRDA:21,0,0,2
BRDA:21,0,1,5
BRDA:27,1,0,1
BRDA:27,1,1,4
BRDA:43,2,0,0
BRDA:43,2,1,2
BRDA:47,3,0,1
BRDA:47,3,1,1
BRF:8
BRH:7
end_of_record
